<?xml version="1.0" encoding="UTF-8"?>
<!-- Generated by org.testng.reporters.JUnitXMLReporter -->
<testsuite hostname="VICKY" name="BrowserStack Test on Pixel 3" tests="1" failures="0" timestamp="23 Dec 2020 07:56:39 GMT" time="31.508" errors="0">
  <testcase name="@BeforeMethod Initialaization" time="0.0" classname="com.TestCases.LoginTest">
    <failure type="java.lang.IllegalArgumentException" message="Can not set io.appium.java_client.MobileElement field com.Pages.LoginPage.userNameTextFld to org.openqa.selenium.remote.RemoteWebElement$$EnhancerByCGLIB$$dd998978">
      <![CDATA[java.lang.IllegalArgumentException: Can not set io.appium.java_client.MobileElement field com.Pages.LoginPage.userNameTextFld to org.openqa.selenium.remote.RemoteWebElement$$EnhancerByCGLIB$$dd998978
	at org.openqa.selenium.support.PageFactory.proxyFields(PageFactory.java:117)
	at org.openqa.selenium.support.PageFactory.initElements(PageFactory.java:105)
	at com.BaseClass.TestBase.<init>(TestBase.java:59)
	at com.Pages.LoginPage.<init>(LoginPage.java:7)
	at com.TestCases.LoginTest.Initialaization(LoginTest.java:44)
... Removed 30 stack frames]]>
    </failure>
  </testcase> <!-- @BeforeMethod Initialaization -->
  <testcase name="@AfterMethod stopVideoRecording" time="0.0" classname="com.TestCases.LoginTest">
    <skipped/>
  </testcase> <!-- @AfterMethod stopVideoRecording -->
  <testcase name="@AfterTest afterTest" time="0.0" classname="com.TestCases.LoginTest">
    <skipped/>
  </testcase> <!-- @AfterTest afterTest -->
  <testcase name="validUsernameTest" time="0.183" classname="com.TestCases.LoginTest">
    <skipped/>
  </testcase> <!-- validUsernameTest -->
</testsuite> <!-- BrowserStack Test on Pixel 3 -->
