<?xml version="1.0" encoding="UTF-8"?>
<!-- Generated by org.testng.reporters.JUnitXMLReporter -->
<testsuite hostname="VICKY" name="Mobile Automation Test on Pixel 3" tests="3" failures="0" timestamp="7 Jan 2021 07:51:07 GMT" time="87.759" errors="0">
  <testcase name="invalidUsernameTest" time="15.784" classname="com.TestCases.LoginTest"/>
  <testcase name="invalidPasswordTest" time="13.708" classname="com.TestCases.LoginTest"/>
  <testcase name="validUsernameTest" time="24.243" classname="com.TestCases.LoginTest"/>
</testsuite> <!-- Mobile Automation Test on Pixel 3 -->
