<?xml version="1.0" encoding="UTF-8"?>
<testng-results skipped="0" failed="0" total="3" passed="3">
  <reporter-output>
  </reporter-output>
  <suite name="Suite" duration-ms="121391" started-at="2021-01-07T07:57:45Z" finished-at="2021-01-07T07:59:46Z">
    <groups>
      <group name="smoke">
        <method signature="LoginTest.invalidPasswordTest()[pri:2, instance:com.TestCases.LoginTest@1990a65e]" name="invalidPasswordTest" class="com.TestCases.LoginTest"/>
        <method signature="LoginTest.invalidUsernameTest()[pri:1, instance:com.TestCases.LoginTest@1990a65e]" name="invalidUsernameTest" class="com.TestCases.LoginTest"/>
        <method signature="LoginTest.validUsernameTest()[pri:3, instance:com.TestCases.LoginTest@1990a65e]" name="validUsernameTest" class="com.TestCases.LoginTest"/>
      </group> <!-- smoke -->
    </groups>
    <test name="Mobile Automation Test on Pixel 2" duration-ms="121391" started-at="2021-01-07T07:57:45Z" finished-at="2021-01-07T07:59:46Z">
      <class name="com.TestCases.LoginTest">
        <test-method status="PASS" signature="startAppiumServer()[pri:0, instance:com.TestCases.LoginTest@1990a65e]" name="startAppiumServer" is-config="true" duration-ms="849" started-at="2021-01-07T13:27:44Z" finished-at="2021-01-07T13:27:45Z">
          <reporter-output>
          </reporter-output>
        </test-method> <!-- startAppiumServer -->
        <test-method status="PASS" signature="DriverInitializataion(java.lang.String, java.lang.String, java.lang.String)[pri:0, instance:com.TestCases.LoginTest@1990a65e]" name="DriverInitializataion" is-config="true" duration-ms="29887" started-at="2021-01-07T13:27:45Z" finished-at="2021-01-07T13:28:15Z">
          <params>
            <param index="0">
              <value>
                <![CDATA[Android]]>
              </value>
            </param>
            <param index="1">
              <value>
                <![CDATA[9.0]]>
              </value>
            </param>
            <param index="2">
              <value>
                <![CDATA[Google Pixel 2]]>
              </value>
            </param>
          </params>
          <reporter-output>
          </reporter-output>
        </test-method> <!-- DriverInitializataion -->
        <test-method status="PASS" signature="jsonDataInitialaization()[pri:0, instance:com.TestCases.LoginTest@1990a65e]" name="jsonDataInitialaization" is-config="true" duration-ms="2162" started-at="2021-01-07T13:28:15Z" finished-at="2021-01-07T13:28:17Z">
          <reporter-output>
          </reporter-output>
        </test-method> <!-- jsonDataInitialaization -->
        <test-method status="PASS" signature="Initialaization()[pri:0, instance:com.TestCases.LoginTest@1990a65e]" name="Initialaization" is-config="true" duration-ms="330" started-at="2021-01-07T13:28:17Z" finished-at="2021-01-07T13:28:17Z">
          <reporter-output>
          </reporter-output>
        </test-method> <!-- Initialaization -->
        <test-method status="PASS" signature="invalidUsernameTest()[pri:1, instance:com.TestCases.LoginTest@1990a65e]" name="invalidUsernameTest" duration-ms="30136" started-at="2021-01-07T13:28:17Z" finished-at="2021-01-07T13:28:47Z">
          <reporter-output>
          </reporter-output>
        </test-method> <!-- invalidUsernameTest -->
        <test-method status="PASS" signature="Initialaization()[pri:0, instance:com.TestCases.LoginTest@1990a65e]" name="Initialaization" is-config="true" duration-ms="6" started-at="2021-01-07T13:28:47Z" finished-at="2021-01-07T13:28:47Z">
          <reporter-output>
          </reporter-output>
        </test-method> <!-- Initialaization -->
        <test-method status="PASS" signature="invalidPasswordTest()[pri:2, instance:com.TestCases.LoginTest@1990a65e]" name="invalidPasswordTest" duration-ms="28006" started-at="2021-01-07T13:28:47Z" finished-at="2021-01-07T13:29:15Z">
          <reporter-output>
          </reporter-output>
        </test-method> <!-- invalidPasswordTest -->
        <test-method status="PASS" signature="Initialaization()[pri:0, instance:com.TestCases.LoginTest@1990a65e]" name="Initialaization" is-config="true" duration-ms="6" started-at="2021-01-07T13:29:15Z" finished-at="2021-01-07T13:29:15Z">
          <reporter-output>
          </reporter-output>
        </test-method> <!-- Initialaization -->
        <test-method status="PASS" signature="validUsernameTest()[pri:3, instance:com.TestCases.LoginTest@1990a65e]" name="validUsernameTest" duration-ms="30045" started-at="2021-01-07T13:29:15Z" finished-at="2021-01-07T13:29:46Z">
          <reporter-output>
          </reporter-output>
        </test-method> <!-- validUsernameTest -->
        <test-method status="PASS" signature="afterTest()[pri:0, instance:com.TestCases.LoginTest@1990a65e]" name="afterTest" is-config="true" duration-ms="782" started-at="2021-01-07T13:29:46Z" finished-at="2021-01-07T13:29:46Z">
          <reporter-output>
          </reporter-output>
        </test-method> <!-- afterTest -->
        <test-method status="PASS" signature="stopAppiumServer()[pri:0, instance:com.TestCases.LoginTest@1990a65e]" name="stopAppiumServer" is-config="true" duration-ms="1" started-at="2021-01-07T13:29:47Z" finished-at="2021-01-07T13:29:47Z">
          <reporter-output>
          </reporter-output>
        </test-method> <!-- stopAppiumServer -->
      </class> <!-- com.TestCases.LoginTest -->
    </test> <!-- Mobile Automation Test on Pixel 2 -->
  </suite> <!-- Suite -->
</testng-results>
